c:\users\davie\documents\sourcetree\generalisedsoftbody\generalisedsoftbody\generalisedsoftbody\release\vc140.pdb
c:\users\davie\documents\sourcetree\generalisedsoftbody\generalisedsoftbody\generalisedsoftbody\release\msomanager.obj
c:\users\davie\documents\sourcetree\generalisedsoftbody\generalisedsoftbody\generalisedsoftbody\release\msofile.obj
c:\users\davie\documents\sourcetree\generalisedsoftbody\generalisedsoftbody\generalisedsoftbody\release\msofbx.obj
c:\users\davie\documents\sourcetree\generalisedsoftbody\generalisedsoftbody\generalisedsoftbody\release\msocube.obj
c:\users\davie\documents\sourcetree\generalisedsoftbody\generalisedsoftbody\generalisedsoftbody\release\msochain.obj
c:\users\davie\documents\sourcetree\generalisedsoftbody\generalisedsoftbody\generalisedsoftbody\release\msmesh.obj
c:\users\davie\documents\sourcetree\generalisedsoftbody\generalisedsoftbody\generalisedsoftbody\release\msmass.obj
c:\users\davie\documents\sourcetree\generalisedsoftbody\generalisedsoftbody\generalisedsoftbody\release\meshgo.obj
c:\users\davie\documents\sourcetree\generalisedsoftbody\generalisedsoftbody\generalisedsoftbody\release\main.obj
c:\users\davie\documents\sourcetree\generalisedsoftbody\generalisedsoftbody\generalisedsoftbody\release\light.obj
c:\users\davie\documents\sourcetree\generalisedsoftbody\generalisedsoftbody\generalisedsoftbody\release\guimanager.obj
c:\users\davie\documents\sourcetree\generalisedsoftbody\generalisedsoftbody\generalisedsoftbody\release\gameobjectpool.obj
c:\users\davie\documents\sourcetree\generalisedsoftbody\generalisedsoftbody\generalisedsoftbody\release\gameobject.obj
c:\users\davie\documents\sourcetree\generalisedsoftbody\generalisedsoftbody\generalisedsoftbody\release\forcefield.obj
c:\users\davie\documents\sourcetree\generalisedsoftbody\generalisedsoftbody\generalisedsoftbody\release\followcamera.obj
c:\users\davie\documents\sourcetree\generalisedsoftbody\generalisedsoftbody\generalisedsoftbody\release\edge.obj
c:\users\davie\documents\sourcetree\generalisedsoftbody\generalisedsoftbody\generalisedsoftbody\release\collider.obj
c:\users\davie\documents\sourcetree\generalisedsoftbody\generalisedsoftbody\generalisedsoftbody\release\camera.obj
c:\users\davie\documents\sourcetree\generalisedsoftbody\generalisedsoftbody\generalisedsoftbody\release\base.obj
c:\users\davie\documents\sourcetree\generalisedsoftbody\generalisedsoftbody\generalisedsoftbody\release\app.obj
c:\users\davie\documents\sourcetree\generalisedsoftbody\generalisedsoftbody\generalisedsoftbody\release\vertexplane.obj
c:\users\davie\documents\sourcetree\generalisedsoftbody\generalisedsoftbody\generalisedsoftbody\release\vertexgo.obj
c:\users\davie\documents\sourcetree\generalisedsoftbody\generalisedsoftbody\generalisedsoftbody\release\vertexbox.obj
c:\users\davie\documents\sourcetree\generalisedsoftbody\generalisedsoftbody\generalisedsoftbody\release\physicsmanager.obj
c:\users\davie\documents\sourcetree\generalisedsoftbody\generalisedsoftbody\generalisedsoftbody\release\vertexmso.obj
c:\users\davie\documents\sourcetree\generalisedsoftbody\generalisedsoftbody\generalisedsoftbody\release\triangulatevertices.obj
c:\users\davie\documents\sourcetree\generalisedsoftbody\generalisedsoftbody\generalisedsoftbody\release\triangulatemasses.obj
c:\users\davie\documents\sourcetree\generalisedsoftbody\generalisedsoftbody\generalisedsoftbody\release\triangle.obj
c:\users\davie\documents\sourcetree\generalisedsoftbody\generalisedsoftbody\generalisedsoftbody\release\player.obj
c:\users\davie\documents\sourcetree\generalisedsoftbody\generalisedsoftbody\generalisedsoftbody\release\pawn.obj
c:\users\davie\documents\sourcetree\generalisedsoftbody\generalisedsoftbody\generalisedsoftbody\release\netsprings.obj
c:\users\davie\documents\sourcetree\generalisedsoftbody\generalisedsoftbody\generalisedsoftbody\release\netmanager.obj
c:\users\davie\documents\sourcetree\generalisedsoftbody\generalisedsoftbody\generalisedsoftbody\release\netanchor.obj
c:\users\davie\documents\sourcetree\generalisedsoftbody\generalisedsoftbody\generalisedsoftbody\release\mstriangle.obj
c:\users\davie\documents\sourcetree\generalisedsoftbody\generalisedsoftbody\generalisedsoftbody\release\msspring.obj
c:\users\davie\documents\sourcetree\generalisedsoftbody\generalisedsoftbody\generalisedsoftbody\release\msosquare.obj
c:\users\davie\documents\sourcetree\generalisedsoftbody\generalisedsoftbody\release\basicpixelshader.cso
c:\users\davie\documents\sourcetree\generalisedsoftbody\generalisedsoftbody\release\basicshader.cso
c:\users\davie\documents\sourcetree\generalisedsoftbody\generalisedsoftbody\release\basicvertexshader.cso
c:\users\davie\documents\sourcetree\generalisedsoftbody\generalisedsoftbody\release\generalisedsoftbody.exe
c:\users\davie\documents\sourcetree\generalisedsoftbody\generalisedsoftbody\release\generalisedsoftbody.ipdb
c:\users\davie\documents\sourcetree\generalisedsoftbody\generalisedsoftbody\release\generalisedsoftbody.iobj
c:\users\davie\documents\sourcetree\generalisedsoftbody\generalisedsoftbody\release\generalisedsoftbody.pdb
c:\users\davie\documents\sourcetree\generalisedsoftbody\generalisedsoftbody\release\birdmodelv1.cmo
c:\users\davie\documents\sourcetree\generalisedsoftbody\generalisedsoftbody\release\_program files (x86)_microsoft visual studio 14.0_common7_ide_extensions_microsoft_vsgraphics_assets_effects_lambert.dgsl.cso
c:\users\davie\documents\sourcetree\generalisedsoftbody\generalisedsoftbody\release\_users_davie_documents_sourcetree_generalisedsoftbody_generalisedsoftbody_assets_birdtext6.jpg.dds
c:\users\davie\documents\sourcetree\generalisedsoftbody\generalisedsoftbody\release\_users_davie_documents_sourcetree_generalisedsoftbody_generalisedsoftbody_assets_birdtext7.jpg.dds
c:\users\davie\documents\sourcetree\generalisedsoftbody\generalisedsoftbody\release\_users_davie_documents_sourcetree_generalisedsoftbody_generalisedsoftbody_assets_birdtext9.jpg.dds
c:\users\davie\documents\sourcetree\generalisedsoftbody\generalisedsoftbody\release\_users_davie_documents_sourcetree_generalisedsoftbody_generalisedsoftbody_assets_birdtext10.jpg.dds
c:\programdata\nvidia corporation\drs\nvapptimestamps
c:\users\davie\documents\sourcetree\generalisedsoftbody\generalisedsoftbody\generalisedsoftbody\release\generali.f9f9f25e.tlog\cl.11144.read.1.tlog
c:\users\davie\documents\sourcetree\generalisedsoftbody\generalisedsoftbody\generalisedsoftbody\release\generali.f9f9f25e.tlog\cl.11144.write.1.tlog
c:\users\davie\documents\sourcetree\generalisedsoftbody\generalisedsoftbody\generalisedsoftbody\release\generali.f9f9f25e.tlog\cl.command.1.tlog
c:\users\davie\documents\sourcetree\generalisedsoftbody\generalisedsoftbody\generalisedsoftbody\release\generali.f9f9f25e.tlog\fxc.11052.read.1.tlog
c:\users\davie\documents\sourcetree\generalisedsoftbody\generalisedsoftbody\generalisedsoftbody\release\generali.f9f9f25e.tlog\fxc.11052.write.1.tlog
c:\users\davie\documents\sourcetree\generalisedsoftbody\generalisedsoftbody\generalisedsoftbody\release\generali.f9f9f25e.tlog\fxc.11732.read.1.tlog
c:\users\davie\documents\sourcetree\generalisedsoftbody\generalisedsoftbody\generalisedsoftbody\release\generali.f9f9f25e.tlog\fxc.11732.write.1.tlog
c:\users\davie\documents\sourcetree\generalisedsoftbody\generalisedsoftbody\generalisedsoftbody\release\generali.f9f9f25e.tlog\fxc.12632.read.1.tlog
c:\users\davie\documents\sourcetree\generalisedsoftbody\generalisedsoftbody\generalisedsoftbody\release\generali.f9f9f25e.tlog\fxc.12632.write.1.tlog
c:\users\davie\documents\sourcetree\generalisedsoftbody\generalisedsoftbody\generalisedsoftbody\release\generali.f9f9f25e.tlog\fxc.command.1.tlog
c:\users\davie\documents\sourcetree\generalisedsoftbody\generalisedsoftbody\generalisedsoftbody\release\generali.f9f9f25e.tlog\generalisedsoftbody.write.1u.tlog
c:\users\davie\documents\sourcetree\generalisedsoftbody\generalisedsoftbody\generalisedsoftbody\release\generali.f9f9f25e.tlog\link.16028-cvtres.read.1.tlog
c:\users\davie\documents\sourcetree\generalisedsoftbody\generalisedsoftbody\generalisedsoftbody\release\generali.f9f9f25e.tlog\link.16028-cvtres.write.1.tlog
c:\users\davie\documents\sourcetree\generalisedsoftbody\generalisedsoftbody\generalisedsoftbody\release\generali.f9f9f25e.tlog\link.command.1.tlog
c:\users\davie\documents\sourcetree\generalisedsoftbody\generalisedsoftbody\generalisedsoftbody\release\generali.f9f9f25e.tlog\meshcontenttask-vsgraphics.6704.read.1.tlog
c:\users\davie\documents\sourcetree\generalisedsoftbody\generalisedsoftbody\generalisedsoftbody\release\generali.f9f9f25e.tlog\meshcontenttask-vsgraphics.6704.read.2.tlog
c:\users\davie\documents\sourcetree\generalisedsoftbody\generalisedsoftbody\generalisedsoftbody\release\generali.f9f9f25e.tlog\meshcontenttask-vsgraphics.6704.write.1.tlog
c:\users\davie\documents\sourcetree\generalisedsoftbody\generalisedsoftbody\generalisedsoftbody\release\generali.f9f9f25e.tlog\meshcontenttask-vsgraphics.6704.write.2.tlog
